<?xml version="1.0" encoding="UTF-8"?>
<!-- Generated by org.testng.reporters.JUnitReportReporter -->
<testsuite skipped="0" hostname="WS-IVANOVA2" name="test.MainTest" tests="1" failures="0" timestamp="24 июн 2019 08:39:55 GMT" time="60.266" errors="0">
  <testcase name="sendPackage" time="60.266" classname="test.MainTest"/>
</testsuite> <!-- test.MainTest -->
